2017-05-18 13:34:53,700 [Worker-13] INFO  o.e.m.c.i.l.LifecycleMappingFactory - Using org.maven.ide.eclipse.wtp.WarLifecycleMapping lifecycle mapping for MavenProject: aiss:project_name:0.0.1-SNAPSHOT @ C:\Users\josev\SpotifyToMP3\aiss-project-template-master\pom.xml.
2017-05-18 13:34:53,702 [Worker-5] INFO  o.e.m.c.i.l.LifecycleMappingFactory - Using org.maven.ide.eclipse.wtp.WarLifecycleMapping lifecycle mapping for MavenProject: aiss:project_name:0.0.1-SNAPSHOT @ C:\Users\josev\SpotifyToMP3\aiss-project-template-master\pom.xml.
2017-05-18 13:34:56,186 [Worker-13] INFO  o.e.m.c.i.embedder.EclipseLogger - Using 'UTF-8' encoding to copy filtered resources.
2017-05-18 13:34:56,187 [Worker-13] INFO  o.e.m.c.i.embedder.EclipseLogger - skip non existing resourceDirectory C:\Users\josev\SpotifyToMP3\aiss-project-template-master\src\main\resources
2017-05-18 13:34:56,594 [Worker-13] INFO  o.e.m.c.i.embedder.EclipseLogger - Executing tasks
2017-05-18 13:34:56,673 [Worker-13] INFO  o.e.m.c.i.embedder.EclipseLogger - Executed tasks
2017-05-18 13:34:56,677 [Worker-13] INFO  o.e.m.c.i.embedder.EclipseLogger - Using 'UTF-8' encoding to copy filtered resources.
2017-05-18 13:34:56,677 [Worker-13] INFO  o.e.m.c.i.embedder.EclipseLogger - skip non existing resourceDirectory C:\Users\josev\SpotifyToMP3\aiss-project-template-master\src\test\resources
2017-05-18 13:34:58,669 [Worker-1] INFO  o.e.m.c.i.l.LifecycleMappingFactory - Using org.maven.ide.eclipse.wtp.WarLifecycleMapping lifecycle mapping for MavenProject: aiss:project_name:0.0.1-SNAPSHOT @ C:\Users\josev\SpotifyToMP3\aiss-project-template-master\pom.xml.
2017-05-18 13:34:58,896 [Worker-16] INFO  o.e.m.c.i.embedder.EclipseLogger - Using 'UTF-8' encoding to copy filtered resources.
2017-05-18 13:34:58,897 [Worker-16] INFO  o.e.m.c.i.embedder.EclipseLogger - skip non existing resourceDirectory C:\Users\josev\SpotifyToMP3\aiss-project-template-master\src\main\resources
2017-05-18 13:34:59,178 [Worker-16] INFO  o.e.m.c.i.embedder.EclipseLogger - Executing tasks
2017-05-18 13:34:59,240 [Worker-16] INFO  o.e.m.c.i.embedder.EclipseLogger - Executed tasks
2017-05-18 13:34:59,242 [Worker-16] INFO  o.e.m.c.i.embedder.EclipseLogger - Using 'UTF-8' encoding to copy filtered resources.
2017-05-18 13:34:59,243 [Worker-16] INFO  o.e.m.c.i.embedder.EclipseLogger - skip non existing resourceDirectory C:\Users\josev\SpotifyToMP3\aiss-project-template-master\src\test\resources
2017-05-18 13:35:00,739 [Worker-2] INFO  o.e.m.c.i.embedder.EclipseLogger - Using 'UTF-8' encoding to copy filtered resources.
2017-05-18 13:35:00,740 [Worker-2] INFO  o.e.m.c.i.embedder.EclipseLogger - skip non existing resourceDirectory C:\Users\josev\SpotifyToMP3\aiss-project-template-master\src\main\resources
2017-05-18 13:35:00,809 [Worker-2] INFO  o.e.m.c.i.embedder.EclipseLogger - Executing tasks
2017-05-18 13:35:00,816 [Worker-2] INFO  o.e.m.c.i.embedder.EclipseLogger - Executed tasks
2017-05-18 13:35:00,818 [Worker-2] INFO  o.e.m.c.i.embedder.EclipseLogger - Using 'UTF-8' encoding to copy filtered resources.
2017-05-18 13:35:00,818 [Worker-2] INFO  o.e.m.c.i.embedder.EclipseLogger - skip non existing resourceDirectory C:\Users\josev\SpotifyToMP3\aiss-project-template-master\src\test\resources
2017-05-18 13:35:16,941 [Worker-1] INFO  o.e.m.c.i.embedder.EclipseLogger - Using 'UTF-8' encoding to copy filtered resources.
2017-05-18 13:35:16,941 [Worker-1] INFO  o.e.m.c.i.embedder.EclipseLogger - skip non existing resourceDirectory C:\Users\josev\SpotifyToMP3\aiss-project-template-master\src\main\resources
2017-05-18 13:35:17,149 [Worker-1] INFO  o.e.m.c.i.embedder.EclipseLogger - Executing tasks
2017-05-18 13:35:17,157 [Worker-1] INFO  o.e.m.c.i.embedder.EclipseLogger - Executed tasks
2017-05-18 13:35:17,158 [Worker-1] INFO  o.e.m.c.i.embedder.EclipseLogger - Using 'UTF-8' encoding to copy filtered resources.
2017-05-18 13:35:17,159 [Worker-1] INFO  o.e.m.c.i.embedder.EclipseLogger - skip non existing resourceDirectory C:\Users\josev\SpotifyToMP3\aiss-project-template-master\src\test\resources
2017-05-18 13:36:26,848 [Worker-7] INFO  o.e.m.c.i.embedder.EclipseLogger - Using 'UTF-8' encoding to copy filtered resources.
2017-05-18 13:36:26,849 [Worker-7] INFO  o.e.m.c.i.embedder.EclipseLogger - skip non existing resourceDirectory C:\Users\josev\SpotifyToMP3\aiss-project-template-master\src\main\resources
2017-05-18 13:36:27,066 [Worker-7] INFO  o.e.m.c.i.embedder.EclipseLogger - Executing tasks
2017-05-18 13:36:27,071 [Worker-7] INFO  o.e.m.c.i.embedder.EclipseLogger - Executed tasks
2017-05-18 13:36:27,073 [Worker-7] INFO  o.e.m.c.i.embedder.EclipseLogger - Using 'UTF-8' encoding to copy filtered resources.
2017-05-18 13:36:27,073 [Worker-7] INFO  o.e.m.c.i.embedder.EclipseLogger - skip non existing resourceDirectory C:\Users\josev\SpotifyToMP3\aiss-project-template-master\src\test\resources
2017-05-18 13:37:32,915 [Worker-10] INFO  o.e.m.c.i.embedder.EclipseLogger - Using 'UTF-8' encoding to copy filtered resources.
2017-05-18 13:37:32,916 [Worker-10] INFO  o.e.m.c.i.embedder.EclipseLogger - skip non existing resourceDirectory C:\Users\josev\SpotifyToMP3\aiss-project-template-master\src\main\resources
2017-05-18 13:37:33,138 [Worker-10] INFO  o.e.m.c.i.embedder.EclipseLogger - Executing tasks
2017-05-18 13:37:33,144 [Worker-10] INFO  o.e.m.c.i.embedder.EclipseLogger - Executed tasks
2017-05-18 13:37:33,145 [Worker-10] INFO  o.e.m.c.i.embedder.EclipseLogger - Using 'UTF-8' encoding to copy filtered resources.
2017-05-18 13:37:33,146 [Worker-10] INFO  o.e.m.c.i.embedder.EclipseLogger - skip non existing resourceDirectory C:\Users\josev\SpotifyToMP3\aiss-project-template-master\src\test\resources
2017-05-18 13:37:49,588 [Worker-6] INFO  o.e.m.c.i.embedder.EclipseLogger - Using 'UTF-8' encoding to copy filtered resources.
2017-05-18 13:37:49,589 [Worker-6] INFO  o.e.m.c.i.embedder.EclipseLogger - skip non existing resourceDirectory C:\Users\josev\SpotifyToMP3\aiss-project-template-master\src\main\resources
2017-05-18 13:37:49,741 [Worker-6] INFO  o.e.m.c.i.embedder.EclipseLogger - Executing tasks
2017-05-18 13:37:49,750 [Worker-6] INFO  o.e.m.c.i.embedder.EclipseLogger - Executed tasks
2017-05-18 13:37:49,752 [Worker-6] INFO  o.e.m.c.i.embedder.EclipseLogger - Using 'UTF-8' encoding to copy filtered resources.
2017-05-18 13:37:49,752 [Worker-6] INFO  o.e.m.c.i.embedder.EclipseLogger - skip non existing resourceDirectory C:\Users\josev\SpotifyToMP3\aiss-project-template-master\src\test\resources
2017-05-18 13:37:59,914 [Worker-10] INFO  o.e.m.c.i.embedder.EclipseLogger - Using 'UTF-8' encoding to copy filtered resources.
2017-05-18 13:37:59,914 [Worker-10] INFO  o.e.m.c.i.embedder.EclipseLogger - skip non existing resourceDirectory C:\Users\josev\SpotifyToMP3\aiss-project-template-master\src\main\resources
2017-05-18 13:38:00,073 [Worker-10] INFO  o.e.m.c.i.embedder.EclipseLogger - Executing tasks
2017-05-18 13:38:00,078 [Worker-10] INFO  o.e.m.c.i.embedder.EclipseLogger - Executed tasks
2017-05-18 13:38:00,080 [Worker-10] INFO  o.e.m.c.i.embedder.EclipseLogger - Using 'UTF-8' encoding to copy filtered resources.
2017-05-18 13:38:00,080 [Worker-10] INFO  o.e.m.c.i.embedder.EclipseLogger - skip non existing resourceDirectory C:\Users\josev\SpotifyToMP3\aiss-project-template-master\src\test\resources
2017-05-18 13:38:18,138 [Worker-11] INFO  o.e.m.c.i.embedder.EclipseLogger - Using 'UTF-8' encoding to copy filtered resources.
2017-05-18 13:38:18,138 [Worker-11] INFO  o.e.m.c.i.embedder.EclipseLogger - skip non existing resourceDirectory C:\Users\josev\SpotifyToMP3\aiss-project-template-master\src\main\resources
2017-05-18 13:38:18,271 [Worker-11] INFO  o.e.m.c.i.embedder.EclipseLogger - Executing tasks
2017-05-18 13:38:18,282 [Worker-11] INFO  o.e.m.c.i.embedder.EclipseLogger - Executed tasks
2017-05-18 13:38:18,285 [Worker-11] INFO  o.e.m.c.i.embedder.EclipseLogger - Using 'UTF-8' encoding to copy filtered resources.
2017-05-18 13:38:18,285 [Worker-11] INFO  o.e.m.c.i.embedder.EclipseLogger - skip non existing resourceDirectory C:\Users\josev\SpotifyToMP3\aiss-project-template-master\src\test\resources
2017-05-18 13:38:45,466 [Worker-16] INFO  o.e.m.c.i.embedder.EclipseLogger - Using 'UTF-8' encoding to copy filtered resources.
2017-05-18 13:38:45,466 [Worker-16] INFO  o.e.m.c.i.embedder.EclipseLogger - skip non existing resourceDirectory C:\Users\josev\SpotifyToMP3\aiss-project-template-master\src\main\resources
2017-05-18 13:38:45,622 [Worker-16] INFO  o.e.m.c.i.embedder.EclipseLogger - Executing tasks
2017-05-18 13:38:45,632 [Worker-16] INFO  o.e.m.c.i.embedder.EclipseLogger - Executed tasks
2017-05-18 13:38:45,633 [Worker-16] INFO  o.e.m.c.i.embedder.EclipseLogger - Using 'UTF-8' encoding to copy filtered resources.
2017-05-18 13:38:45,634 [Worker-16] INFO  o.e.m.c.i.embedder.EclipseLogger - skip non existing resourceDirectory C:\Users\josev\SpotifyToMP3\aiss-project-template-master\src\test\resources
